Library/Bee/Android/Prj/IL2CPP/Gradle/unityLibrary/build/intermediates/manifest_merge_blame_file/release/manifest-merger-blame-release-report.txt
1<?xml version="1.0" encoding="utf-8"?>
2<manifest xmlns:android="http://schemas.android.com/apk/res/android"
3    xmlns:tools="http://schemas.android.com/tools"
4    package="com.unity3d.player" >
5
6    <uses-sdk
7        android:minSdkVersion="23"
7-->src\main\AndroidManifest.xml
8        android:targetSdkVersion="33" />
8-->src\main\AndroidManifest.xml
9
10    <uses-feature android:glEsVersion="0x00030000" />
10-->src\main\AndroidManifest.xml:3:3-52
10-->src\main\AndroidManifest.xml:3:17-49
11    <uses-feature
11-->src\main\AndroidManifest.xml:4:3-88
12        android:name="android.hardware.touchscreen"
12-->src\main\AndroidManifest.xml:4:17-60
13        android:required="false" />
13-->src\main\AndroidManifest.xml:4:61-85
14    <uses-feature
14-->src\main\AndroidManifest.xml:5:3-99
15        android:name="android.hardware.touchscreen.multitouch"
15-->src\main\AndroidManifest.xml:5:17-71
16        android:required="false" />
16-->src\main\AndroidManifest.xml:5:72-96
17    <uses-feature
17-->src\main\AndroidManifest.xml:6:3-108
18        android:name="android.hardware.touchscreen.multitouch.distinct"
18-->src\main\AndroidManifest.xml:6:17-80
19        android:required="false" />
19-->src\main\AndroidManifest.xml:6:81-105
20
21    <application android:extractNativeLibs="true" >
21-->src\main\AndroidManifest.xml:7:3-23:17
21-->src\main\AndroidManifest.xml:7:16-48
22        <meta-data
22-->src\main\AndroidManifest.xml:8:5-69
23            android:name="unity.splash-mode"
23-->src\main\AndroidManifest.xml:8:16-48
24            android:value="0" />
24-->src\main\AndroidManifest.xml:8:49-66
25        <meta-data
25-->src\main\AndroidManifest.xml:9:5-74
26            android:name="unity.splash-enable"
26-->src\main\AndroidManifest.xml:9:16-50
27            android:value="True" />
27-->src\main\AndroidManifest.xml:9:51-71
28        <meta-data
28-->src\main\AndroidManifest.xml:10:5-78
29            android:name="unity.launch-fullscreen"
29-->src\main\AndroidManifest.xml:10:16-54
30            android:value="True" />
30-->src\main\AndroidManifest.xml:10:55-75
31        <meta-data
31-->src\main\AndroidManifest.xml:11:5-81
32            android:name="notch.config"
32-->src\main\AndroidManifest.xml:11:16-43
33            android:value="portrait|landscape" />
33-->src\main\AndroidManifest.xml:11:44-78
34        <meta-data
34-->src\main\AndroidManifest.xml:12:5-84
35            android:name="unity.auto-report-fully-drawn"
35-->src\main\AndroidManifest.xml:12:16-60
36            android:value="true" />
36-->src\main\AndroidManifest.xml:12:61-81
37        <meta-data
37-->src\main\AndroidManifest.xml:13:5-78
38            android:name="unity.strip-engine-code"
38-->src\main\AndroidManifest.xml:13:16-54
39            android:value="true" />
39-->src\main\AndroidManifest.xml:13:55-75
40
41        <activity
41-->src\main\AndroidManifest.xml:14:5-22:16
42            android:name="com.unity3d.player.UnityPlayerGameActivity"
42-->src\main\AndroidManifest.xml:14:312-369
43            android:configChanges="mcc|mnc|locale|touchscreen|keyboard|keyboardHidden|navigation|orientation|screenLayout|uiMode|screenSize|smallestScreenSize|fontScale|layoutDirection|density"
43-->src\main\AndroidManifest.xml:14:15-196
44            android:enabled="true"
44-->src\main\AndroidManifest.xml:14:197-219
45            android:exported="true"
45-->src\main\AndroidManifest.xml:14:220-243
46            android:hardwareAccelerated="false"
46-->src\main\AndroidManifest.xml:14:244-279
47            android:launchMode="singleTask"
47-->src\main\AndroidManifest.xml:14:280-311
48            android:resizeableActivity="false"
48-->src\main\AndroidManifest.xml:14:370-404
49            android:screenOrientation="userLandscape"
49-->src\main\AndroidManifest.xml:14:405-446
50            android:theme="@style/BaseUnityGameActivityTheme" >
50-->src\main\AndroidManifest.xml:14:447-496
51            <intent-filter>
51-->src\main\AndroidManifest.xml:15:7-18:23
52                <category android:name="android.intent.category.LAUNCHER" />
52-->src\main\AndroidManifest.xml:16:9-69
52-->src\main\AndroidManifest.xml:16:19-66
53
54                <action android:name="android.intent.action.MAIN" />
54-->src\main\AndroidManifest.xml:17:9-61
54-->src\main\AndroidManifest.xml:17:17-58
55            </intent-filter>
56
57            <meta-data
57-->src\main\AndroidManifest.xml:19:7-82
58                android:name="unityplayer.UnityActivity"
58-->src\main\AndroidManifest.xml:19:18-58
59                android:value="true" />
59-->src\main\AndroidManifest.xml:19:59-79
60            <meta-data
60-->src\main\AndroidManifest.xml:20:7-77
61                android:name="android.app.lib_name"
61-->src\main\AndroidManifest.xml:20:18-53
62                android:value="game" />
62-->src\main\AndroidManifest.xml:20:54-74
63            <meta-data
63-->src\main\AndroidManifest.xml:21:7-70
64                android:name="notch_support"
64-->src\main\AndroidManifest.xml:21:18-46
65                android:value="true" />
65-->src\main\AndroidManifest.xml:21:47-67
66        </activity>
67    </application>
68
69</manifest>